Build started 6/15/2018 9:18:07 PM.
     1>Project "C:\Users\aslam\Documents\Visual Studio 2013\Projects\b+trees\Project20\Project20.vcxproj" on node 2 (Build target(s)).
     1>ClCompile:
         F:\New folder6\VC\bin\CL.exe /c /ZI /nologo /W3 /WX- /sdl /Od /Oy- /D _MBCS /D _MBCS /D _CRT_SECURE_NO_WARNINGS /Gm /EHsc /RTC1 /MDd /GS /fp:precise /Zc:wchar_t /Zc:forScope /Fo"Debug\\" /Fd"Debug\vc120.pdb" /Gd /TP /analyze- /errorReport:prompt Source.cpp
         Source.cpp
     1>c:\users\aslam\documents\visual studio 2013\projects\b+trees\project20\source.cpp(94): warning C4101: 'j' : unreferenced local variable
     1>c:\users\aslam\documents\visual studio 2013\projects\b+trees\project20\source.cpp(266): warning C4101: 'buf' : unreferenced local variable
     1>c:\users\aslam\documents\visual studio 2013\projects\b+trees\project20\source.cpp(266): warning C4101: 'strings' : unreferenced local variable
     1>c:\users\aslam\documents\visual studio 2013\projects\b+trees\project20\source.cpp(411): warning C4101: 'buf' : unreferenced local variable
     1>c:\users\aslam\documents\visual studio 2013\projects\b+trees\project20\source.cpp(411): warning C4101: 'strings' : unreferenced local variable
     1>c:\users\aslam\documents\visual studio 2013\projects\b+trees\project20\source.cpp(705): warning C4101: 'strings' : unreferenced local variable
     1>c:\users\aslam\documents\visual studio 2013\projects\b+trees\project20\source.cpp(981): warning C4101: 'studentBuf' : unreferenced local variable
     1>c:\users\aslam\documents\visual studio 2013\projects\b+trees\project20\source.cpp(982): warning C4101: 'marksBuf' : unreferenced local variable
     1>c:\users\aslam\documents\visual studio 2013\projects\b+trees\project20\source.cpp(1177): warning C4244: '=' : conversion from 'int' to 'float', possible loss of data
     1>c:\users\aslam\documents\visual studio 2013\projects\b+trees\project20\source.cpp(1180): warning C4244: 'argument' : conversion from 'int' to 'float', possible loss of data
     1>c:\users\aslam\documents\visual studio 2013\projects\b+trees\project20\source.cpp(1186): warning C4244: 'argument' : conversion from 'int' to 'float', possible loss of data
     1>c:\users\aslam\documents\visual studio 2013\projects\b+trees\project20\source.cpp(1190): warning C4244: 'argument' : conversion from 'int' to 'float', possible loss of data
     1>c:\users\aslam\documents\visual studio 2013\projects\b+trees\project20\source.cpp(1194): warning C4244: 'argument' : conversion from 'int' to 'float', possible loss of data
       Link:
         F:\New folder6\VC\bin\link.exe /ERRORREPORT:PROMPT /OUT:"C:\Users\aslam\Documents\Visual Studio 2013\Projects\b+trees\Debug\Project20.exe" /INCREMENTAL /NOLOGO kernel32.lib user32.lib gdi32.lib winspool.lib comdlg32.lib advapi32.lib shell32.lib ole32.lib oleaut32.lib uuid.lib odbc32.lib odbccp32.lib /MANIFEST /MANIFESTUAC:"level='asInvoker' uiAccess='false'" /manifest:embed /DEBUG /PDB:"C:\Users\aslam\Documents\Visual Studio 2013\Projects\b+trees\Debug\Project20.pdb" /TLBID:1 /DYNAMICBASE /NXCOMPAT /IMPLIB:"C:\Users\aslam\Documents\Visual Studio 2013\Projects\b+trees\Debug\Project20.lib" /MACHINE:X86 Debug\modularSource.obj
         Debug\Source.obj
         Project20.vcxproj -> C:\Users\aslam\Documents\Visual Studio 2013\Projects\b+trees\Debug\Project20.exe
     1>Done Building Project "C:\Users\aslam\Documents\Visual Studio 2013\Projects\b+trees\Project20\Project20.vcxproj" (Build target(s)).

Build succeeded.

Time Elapsed 00:00:03.70
